\BOOKMARK [0][-]{chapter.1}{Introduction}{}% 1
\BOOKMARK [1][-]{section.1.1}{Overview}{chapter.1}% 2
\BOOKMARK [1][-]{section.1.2}{About the topic}{chapter.1}% 3
\BOOKMARK [0][-]{chapter.2}{Development process}{}% 4
\BOOKMARK [1][-]{section.2.1}{Matlab prototype}{chapter.2}% 5
\BOOKMARK [2][-]{subsection.2.1.1}{Why Matlab?}{section.2.1}% 6
\BOOKMARK [2][-]{subsection.2.1.2}{The resistor body}{section.2.1}% 7
\BOOKMARK [2][-]{subsection.2.1.3}{Finding the colored bands}{section.2.1}% 8
\BOOKMARK [3][-]{subsubsection.2.1.3.1}{Overview of the color-coding system}{subsection.2.1.3}% 9
\BOOKMARK [3][-]{subsubsection.2.1.3.2}{Edge-detection}{subsection.2.1.3}% 10
\BOOKMARK [3][-]{subsubsection.2.1.3.3}{Color-based segmentation}{subsection.2.1.3}% 11
\BOOKMARK [3][-]{subsubsection.2.1.3.4}{Mahalanobis distance}{subsection.2.1.3}% 12
\BOOKMARK [3][-]{subsubsection.2.1.3.5}{White-balance correction}{subsection.2.1.3}% 13
\BOOKMARK [3][-]{subsubsection.2.1.3.6}{Actually detecting the bands}{subsection.2.1.3}% 14
\BOOKMARK [3][-]{subsubsection.2.1.3.7}{Gold and silver bands}{subsection.2.1.3}% 15
\BOOKMARK [2][-]{subsection.2.1.4}{Testing and transitioning to Android}{section.2.1}% 16
\BOOKMARK [1][-]{section.2.2}{Android application}{chapter.2}% 17
\BOOKMARK [2][-]{subsection.2.2.1}{First steps}{section.2.2}% 18
\BOOKMARK [2][-]{subsection.2.2.2}{Setting up the camera}{section.2.2}% 19
\BOOKMARK [2][-]{subsection.2.2.3}{Starting out with OpenGL}{section.2.2}% 20
\BOOKMARK [2][-]{subsection.2.2.4}{Introducing OpenCV}{section.2.2}% 21
\BOOKMARK [2][-]{subsection.2.2.5}{Mixing OpenCV and OpenGL}{section.2.2}% 22
\BOOKMARK [2][-]{subsection.2.2.6}{White-balance correction \205 Android version}{section.2.2}% 23
\BOOKMARK [2][-]{subsection.2.2.7}{Value calculation logic}{section.2.2}% 24
\BOOKMARK [2][-]{subsection.2.2.8}{Final tests}{section.2.2}% 25
\BOOKMARK [1][-]{section.2.3}{Tasks for the future}{chapter.2}% 26
\BOOKMARK [0][-]{chapter.3}{Documentation of the software}{}% 27
\BOOKMARK [1][-]{section.3.1}{Matlab programs}{chapter.3}% 28
\BOOKMARK [2][-]{subsection.3.1.1}{Main program}{section.3.1}% 29
\BOOKMARK [2][-]{subsection.3.1.2}{Programs for color data compiling}{section.3.1}% 30
